<?xml version="1.0" encoding="UTF-8"?>
<robot generator="Robot 7.3.2 (Python 3.14.0 on win32)" generated="2025-10-22T13:25:26.550197" rpa="false" schemaversion="5">
<suite id="s1" name="Test Login" source="C:\Users\foliv\OneDrive\Documentos\OneDrive\Área de Trabalho\Automações DR consulta\tests\test_login.robot">
<test id="s1-t1" name="CT001 Logar no Site" line="9">
<kw name="Open Browser" owner="SeleniumLibrary">
<msg time="2025-10-22T13:25:26.955216" level="INFO">Opening browser 'chrome' to base url 'https://drconsulta.com/'.</msg>
<arg>${URL}</arg>
<arg>${BROWSER}</arg>
<doc>Opens a new browser instance to the optional ``url``.</doc>
<status status="PASS" start="2025-10-22T13:25:26.954207" elapsed="7.717521"/>
</kw>
<kw name="Wait Until Page Contains Element" owner="SeleniumLibrary">
<arg>//body</arg>
<doc>Waits until the element ``locator`` appears on the current page.</doc>
<status status="PASS" start="2025-10-22T13:25:34.673685" elapsed="0.017995"/>
</kw>
<kw name="Capture Page Screenshot" owner="SeleniumLibrary">
<msg time="2025-10-22T13:25:34.967368" level="INFO" html="true">&lt;/td&gt;&lt;/tr&gt;&lt;tr&gt;&lt;td colspan="3"&gt;&lt;a href="selenium-screenshot-1.png"&gt;&lt;img src="selenium-screenshot-1.png" width="800px"&gt;&lt;/a&gt;</msg>
<doc>Takes a screenshot of the current page and embeds it into a log file.</doc>
<status status="PASS" start="2025-10-22T13:25:34.692550" elapsed="0.275039"/>
</kw>
<kw name="Close Browser" owner="SeleniumLibrary">
<doc>Closes the current browser.</doc>
<status status="PASS" start="2025-10-22T13:25:34.968013" elapsed="2.281110"/>
</kw>
<doc>Verifica se a página inicial do Dr.Consulta é carregada corretamente</doc>
<status status="PASS" start="2025-10-22T13:25:26.952838" elapsed="10.297084"/>
</test>
<status status="PASS" start="2025-10-22T13:25:26.552615" elapsed="10.699319"/>
</suite>
<statistics>
<total>
<stat pass="1" fail="0" skip="0">All Tests</stat>
</total>
<tag>
</tag>
<suite>
<stat name="Test Login" id="s1" pass="1" fail="0" skip="0">Test Login</stat>
</suite>
</statistics>
<errors>
</errors>
</robot>
